----------------------------------------------------------------------------------------------------
      name:  <unnamed>
       log:  U:\Yajuan\ACO Post Mortem\logs\003_Quality_Measures_paperuse_14 Jun 2021YS.log
  log type:  text
 opened on:  14 Jun 2021, 15:14:52

. 
. set matsize 5000

. set more off, perm
(set more preference recorded)

. set processors 4
    The maximum number of processors or cores being used is 4.  It can be set to any number
    between 1 and 4.

. 
. /*****************
> 002 Quality Measurements
> July 2020
> 
> 
> **********/
. 
. 
. display "`c(current_time)' `c(current_date)'"
15:14:52 14 Jun 2021

. 
. use "U:\Yajuan\ACO Post Mortem\pay_qual_2012_2016_prelim.dta", clear

. 
. destring female race_g3 aco_true_death, replace
female already numeric; no replace
race_g3 already numeric; no replace
aco_true_death already numeric; no replace

. 
. *global varlist i.age i.female i.race_g3 i.year HCC1 HCC2 HCC6 HCC8 HCC9 HCC10 HCC11 HCC12 HCC17 H
> CC18 HCC19 HCC21 HCC22 HCC23 HCC27 HCC28 HCC29 HCC33 HCC34 HCC35 HCC39 HCC40 HCC46 HCC47 HCC48 HCC
> 54 HCC55 HCC57 HCC58 HCC70 HCC71 HCC72 HCC73 HCC74 HCC75 HCC76 HCC77 HCC78 HCC79 HCC80 HCC82 HCC83
>  HCC84 HCC85 HCC86 HCC87 HCC88 HCC96 HCC99 HCC100 HCC103 HCC104 HCC106 HCC107 HCC108 HCC110 HCC111
>  HCC112 HCC114 HCC115 HCC122 HCC124 HCC134 HCC135 HCC136 HCC137 HCC157 HCC158 HCC161 HCC162 HCC166
>  HCC167 HCC169 HCC170 HCC173 HCC176 HCC186 HCC188 HCC189
. *global varlist2 i.age i.female i.race_g3 i.year 
. global varlist3 i.age i.female i.race_g3 HCC1 HCC2 HCC6 HCC8 HCC9 HCC10 HCC11 HCC12 HCC17 HCC18 HC
> C19 HCC21 HCC22 HCC23 HCC27 HCC28 HCC29 HCC33 HCC34 HCC35 HCC39 HCC40 HCC46 HCC47 HCC48 HCC54 HCC5
> 5 HCC57 HCC58 HCC70 HCC71 HCC72 HCC73 HCC74 HCC75 HCC76 HCC77 HCC78 HCC79 HCC80 HCC82 HCC83 HCC84 
> HCC85 HCC86 HCC87 HCC88 HCC96 HCC99 HCC100 HCC103 HCC104 HCC106 HCC107 HCC108 HCC110 HCC111 HCC112
>  HCC114 HCC115 HCC122 HCC124 HCC134 HCC135 HCC136 HCC137 HCC157 HCC158 HCC161 HCC162 HCC166 HCC167
>  HCC169 HCC170 HCC173 HCC176 HCC186 HCC188 HCC189

. *global varlist4 i.age i.female i.race_g3
. global outcomelist alldiabtest_ind eyeexam_ind hba1ctest_ind ldlcscreen_ind any_readm ed_visits /*
> mammo_ind readm acsc_ind bactpneumonia_ind chf_ind copd_asthma_ind*/

. 
. gen aco_fe = aco_num
(16,672,878 missing values generated)

. replace aco_fe="99999" if missing(aco_fe)
(16,672,878 real changes made)

. replace aco_fe=cluster_id if aco_death_active==1
(161,838 real changes made)

. 
. encode aco_fe, gen(aco_fe_num)

. 
. 
. destring ESRD, replace
ESRD: contains nonnumeric characters; no replace

. gen esrd_s = 0

. replace esrd_s = 1 if ESRD == "Y"
(159,654 real changes made)

. 
. destring provider_type, replace
provider_type: contains nonnumeric characters; no replace

. 
. gen providertype = .
(20,206,078 missing values generated)

. replace providertype = 0 if provider_type == "Both"
(1,358,867 real changes made)

. replace providertype = 1 if provider_type == "Hospital System"
(869,423 real changes made)

. replace providertype = 2 if provider_type == "Physician Group"
(1,215,924 real changes made)

. 
. *tab aco_start_year
. 
. *tab aco_death_year if ever_in_aco==1 & aco_start_year < 2014
. 
. *tab aco_death_active year if ever_in_aco==1 & aco_start_year < 2014
. 
. *tab aco_death_year hba1ctest_ind if ever_in_aco==1 & aco_start_year < 2014
. 
. *tab aco_death_year year if ever_in_aco==1 & aco_start_year < 2014
. 
. 
. 
. *tab aco_death_year if aco_death_active==1
. 
. 
. *tab aco_death_dt year if ever_in_aco==1 & aco_start_year == 2012 & aco_death_active==1
. 
. *tab aco_death_dt year if ever_in_aco==1 & aco_start_year == 2013
. 
. 
. *tab aco_death_dt if aco_death_active==0
. *tab aco_death_year aco_death_active
. *tab aco_death_dt aco_death_active
. 
. *tab aco_death_active year if ever_in_aco==1 & aco_start_year < 2014
. 
. *ib0.aco_death_active
. 
. 
. //gen aco_exit_year = aco_death_dt
. //replace aco_exit_year=0 if aco_death_active==0
. 
. //tab aco_death_dt, m
. gen aco_exit_gr = aco_death_dt
(19,716,480 missing values generated)

. replace aco_exit_gr=0 if aco_death_dt == .
(19,716,480 real changes made)

. 
. //tab aco_exit_gr, m
. 
. 
. //tab aco_death_dt aco_death_active ##ib0.aco_death_activ
. 
. //logit hba1ctest_ind i.year##ib0.aco_exit_gr $varlist3 i.providertype n_pcp n_spec lives_covered 
> if(ever_in_aco==1 & aco_start_year ==2012), vce(cluster cluster_id) or dif iterate(100)
. //margins i.year#ib0.aco_exit_gr
. //marginsplot 
.  
. //margins i.year#ib0.aco_death_dt##ib0.aco_death_active
. 
. 
. *tab aco_exit_year year if ever_in_aco==1 & aco_start_year == 2012
. 
. // tab aco_exit_year year if ever_in_aco==1 & aco_start_year < 2014
. //
. // logit hba1ctest_ind i.year ib0.aco_exit_year i.year##ib0.aco_exit_year $varlist3 i.providertype
>  n_pcp n_spec lives_covered if(ever_in_aco==1 & aco_start_year ==2012), vce(cluster cluster_id) or
>  dif iterate(100)
. // margins i.year#ib0.aco_exit_year
. //
. // marginsplot
. //
. // logit hba1ctest_ind i.year ib0.aco_exit_year i.year##ib0.aco_exit_year $varlist3 i.providertype
>  n_pcp n_spec lives_covered if(ever_in_aco==1 & inrange(aco_start_year,2012,2013)), vce(cluster cl
> uster_id) or dif iterate(100)
. // margins i.year#ib0.aco_exit_year
. //
. // marginsplot
. //
. //
. // logit hba1ctest_ind i.year ib0.aco_death_year i.year##ib0.aco_death_year $varlist3 i.providerty
> pe n_pcp n_spec lives_covered if(ever_in_aco==1 & inrange(aco_start_year,2012,2013)), vce(cluster 
> cluster_id) or dif iterate(100)
. //
. // margins i.year#ib0.aco_death_year
. //
. // marginsplot
. //
. // logit hba1ctest_ind i.year ib0.aco_death_active i.year##ib0.aco_death_active $varlist3 i.provid
> ertype n_pcp n_spec lives_covered if(ever_in_aco==1 & inrange(aco_start_year,2012,2013)), vce(clus
> ter cluster_id) or dif iterate(100)
. //
. // margins i.year#ib0.aco_death_active
. //
. // marginsplot
. 
. capture program drop tests_aco_year_new_models

. program define tests_aco_year_new_models
  1. args outcome
  2. 
. 
. /***************
> 
> New ACO Models May 2021
> 
> **************/
. di as text _dup(59) "*"
  3. di %~59s  "June 2021 Main analysis"
  4. di %~59s  "exit_year `outcome'"
  5. display "`c(current_time)' `c(current_date)'"
  6. di as text _dup(59) "*"
  7. 
. 
. logit `outcome' i.year ib0.aco_exit_gr i.year##ib0.aco_exit_gr $varlist3 i.providertype n_pcp n_sp
> ec lives_covered if(ever_in_aco==1 & inrange(aco_start_year,2012,2013)), vce(cluster cluster_id) o
> r dif iterate(100)
  8. margins i.year##ib0.aco_exit_gr
  9. 
. 
. 
. /*Models Finished at*/
. display "`c(current_time)' `c(current_date)'"
 10. 
. 
. 
. /*end of line*/
. end

. 
.         foreach varb of global outcomelist{
  2. 
.         tests_aco_year_new_models `varb'
  3.         
.                 }
***********************************************************
                  June 2021 Main analysis                  
                 exit_year alldiabtest_ind                 
15:26:02 14 Jun 2021
***********************************************************

Iteration 0:   log pseudolikelihood = -237940.33  
Iteration 1:   log pseudolikelihood = -229508.69  
Iteration 2:   log pseudolikelihood = -229472.51  
Iteration 3:   log pseudolikelihood = -229472.51  

Logistic regression                             Number of obs     =    343,351
                                                Wald chi2(102)    =          .
                                                Prob > chi2       =          .
Log pseudolikelihood = -229472.51               Pseudo R2         =     0.0356

                               (Std. Err. adjusted for 338 clusters in cluster_id)
----------------------------------------------------------------------------------
                 |               Robust
 alldiabtest_ind | Odds Ratio   Std. Err.      z    P>|z|     [95% Conf. Interval]
-----------------+----------------------------------------------------------------
            year |
           2014  |   .9664712   .0291858    -1.13   0.259      .910928    1.025401
           2015  |   1.083115   .0704736     1.23   0.220     .9534337    1.230434
           2016  |   .9438627   .0286701    -1.90   0.057     .8893103    1.001761
                 |
     aco_exit_gr |
           2013  |   .9927508   .3209434    -0.02   0.982     .5268147    1.870779
           2014  |   .8249838   .0638728    -2.48   0.013      .708831    .9601699
           2015  |   .9178529   .0495953    -1.59   0.113     .8256181    1.020392
                 |
year#aco_exit_gr |
      2014 2013  |   1.270932   .1760092     1.73   0.083     .9688152    1.667262
      2014 2014  |   1.058917   .0639668     0.95   0.343     .9406817    1.192013
      2014 2015  |   1.021039   .0505161     0.42   0.674     .9266781    1.125008
      2015 2013  |   .9927346     .08263    -0.09   0.930      .843303    1.168645
      2015 2014  |   .9129906   .0696412    -1.19   0.233     .7862095    1.060216
      2015 2015  |   .9730734   .0726162    -0.37   0.715     .8406672    1.126334
      2016 2013  |   .9176065   .2337034    -0.34   0.736     .5570134    1.511636
      2016 2014  |   1.034259   .0534756     0.65   0.515     .9345842    1.144564
      2016 2015  |   1.021413   .0602365     0.36   0.719     .9099189    1.146568
                 |
          agegrp |
              1  |   1.197781   .0132108    16.36   0.000     1.172166    1.223956
              2  |   1.265674   .0199978    14.91   0.000      1.22708    1.305483
                 |
        1.female |   1.236026   .0118934    22.02   0.000     1.212934    1.259558
                 |
         race_g3 |
              1  |   .7966634   .0365427    -4.96   0.000     .7281661     .871604
              2  |    1.03275   .0312541     1.06   0.287     .9732745     1.09586
                 |
            HCC1 |   1.021271   .1347324     0.16   0.873     .7885788    1.322625
            HCC2 |   .8551683   .0208904    -6.40   0.000     .8151885    .8971089
            HCC6 |   1.079213   .0656725     1.25   0.210     .9578774    1.215919
            HCC8 |    .546743   .0235279   -14.03   0.000     .5025203    .5948574
            HCC9 |   .9054386   .0300477    -2.99   0.003     .8484207    .9662884
           HCC10 |   .9655107   .0330253    -1.03   0.305     .9029044    1.032458
           HCC11 |   1.022027   .0276922     0.80   0.421     .9691673     1.07777
           HCC12 |   1.212145   .0193303    12.06   0.000     1.174844     1.25063
           HCC17 |   2.314286   .1034392    18.77   0.000     2.120175    2.526168
           HCC18 |   2.539792   .0617567    38.33   0.000      2.42159    2.663764
           HCC19 |   1.675968   .0388171    22.30   0.000     1.601589    1.753801
           HCC21 |   .7691309   .0347239    -5.81   0.000     .7039975    .8402904
           HCC22 |   1.012726   .0180896     0.71   0.479     .9778847    1.048809
           HCC23 |   1.085624   .0217666     4.10   0.000      1.04379    1.129135
           HCC27 |   .7279399   .0380027    -6.08   0.000     .6571399    .8063678
           HCC28 |   .8569577   .0383009    -3.45   0.001     .7850834    .9354121
           HCC29 |   1.057391   .0557666     1.06   0.290     .9535498     1.17254
           HCC33 |   .9452334   .0287287    -1.85   0.064     .8905706    1.003252
           HCC34 |   .8932109   .0667309    -1.51   0.131     .7715455    1.034062
           HCC35 |   1.125468   .0465875     2.86   0.004     1.037765    1.220584
           HCC39 |   .8743393   .0327634    -3.58   0.000     .8124256    .9409713
           HCC40 |   1.108087   .0234755     4.84   0.000     1.063018    1.155067
           HCC46 |   .9452118   .0529777    -1.01   0.315     .8468775    1.054964
           HCC47 |   .9406427    .033378    -1.72   0.085      .877446    1.008391
           HCC48 |   1.033779   .0222222     1.55   0.122     .9911288    1.078264
           HCC54 |   .6557755   .0812131    -3.41   0.001     .5144463    .8359309
           HCC55 |   .8606534   .0560762    -2.30   0.021     .7574744    .9778869
           HCC57 |      .7085   .0426578    -5.72   0.000      .629637    .7972407
           HCC58 |   .8874179   .0201284    -5.27   0.000      .848831    .9277589
           HCC70 |    .680315   .0750277    -3.49   0.000     .5480703    .8444692
           HCC71 |    .719974   .0717038    -3.30   0.001     .5923028    .8751648
           HCC72 |    1.00563   .0531826     0.11   0.915     .9066145     1.11546
           HCC73 |   .6993099   .1657329    -1.51   0.131     .4394802    1.112756
           HCC74 |    1.00913   .1691706     0.05   0.957     .7265268     1.40166
           HCC75 |   1.056047   .0325192     1.77   0.077     .9941961    1.121747
           HCC76 |   1.052961   .2531579     0.21   0.830     .6572985    1.686795
           HCC77 |   .9816436   .0653771    -0.28   0.781     .8615176    1.118519
           HCC78 |   .8308374   .0360486    -4.27   0.000     .7631043    .9045825
           HCC79 |   .8304538   .0229709    -6.72   0.000     .7866303    .8767187
           HCC80 |   .8655299   .0803479    -1.56   0.120     .7215463    1.038245
           HCC82 |   .7025598   .0576823    -4.30   0.000      .598132    .8252197
           HCC83 |   1.062936   .2245088     0.29   0.773     .7026189     1.60803
           HCC84 |   .7939731   .0196009    -9.35   0.000     .7564706    .8333349
           HCC85 |   .8455041    .012663   -11.21   0.000     .8210457    .8706911
           HCC86 |   .8942833   .0300724    -3.32   0.001     .8372429    .9552099
           HCC87 |   1.052714   .0289197     1.87   0.061     .9975309    1.110949
           HCC88 |   1.098913   .0289737     3.58   0.000     1.043568    1.157193
           HCC96 |   1.003404   .0139923     0.24   0.807     .9763512    1.031207
           HCC99 |     .87457   .0543052    -2.16   0.031     .7743556    .9877538
          HCC100 |   .8861423   .0196307    -5.46   0.000     .8484901    .9254654
          HCC103 |   .7216007   .0289531    -8.13   0.000     .6670277    .7806387
          HCC104 |   .9591735   .1068628    -0.37   0.708     .7710166    1.193248
          HCC106 |   .7376865   .0326373    -6.88   0.000     .6764135    .8045098
          HCC107 |   .9436892   .0265311    -2.06   0.039     .8930959    .9971487
          HCC108 |   1.037034   .0141401     2.67   0.008     1.009687    1.065122
          HCC110 |   .4699578   .1130933    -3.14   0.002     .2932384    .7531767
          HCC111 |   .7786226   .0125965   -15.47   0.000     .7543213    .8037068
          HCC112 |   1.120043   .0378603     3.35   0.001     1.048242    1.196761
          HCC114 |   .9632259   .0482179    -0.75   0.454     .8732086    1.062523
          HCC115 |   .9411273   .0668305    -0.85   0.393     .8188486    1.081666
          HCC122 |   2.124276   .0701064    22.83   0.000      1.99122    2.266223
          HCC124 |   3.121012   .1947728    18.24   0.000     2.761688    3.527088
          HCC134 |   .4516613   .0190587   -18.84   0.000     .4158099    .4906039
          HCC135 |   .7712825   .0157432   -12.72   0.000     .7410354    .8027642
          HCC136 |   .7858313    .035438    -5.34   0.000     .7193552    .8584505
          HCC137 |   .8446685   .0302429    -4.71   0.000     .7874256    .9060729
          HCC157 |   .7233856   .0953906    -2.46   0.014     .5586304    .9367315
          HCC158 |   .6631139   .0613588    -4.44   0.000     .5531276    .7949703
          HCC161 |   .8682128   .0220748    -5.56   0.000     .8260073    .9125748
          HCC162 |   1.171612   .3271198     0.57   0.571     .6778352    2.025086
          HCC166 |   .4708961    .160973    -2.20   0.028      .240961    .9202446
          HCC167 |   1.018886   .0590857     0.32   0.747     .9094192     1.14153
          HCC169 |   .8261044   .0372777    -4.23   0.000     .7561792    .9024958
          HCC170 |   .7856033   .0390161    -4.86   0.000     .7127371    .8659188
          HCC173 |   1.082582   .0642594     1.34   0.181     .9636862    1.216147
          HCC176 |   .9856867   .0259833    -0.55   0.584     .9360534    1.037952
          HCC186 |   .9966541   .0653972    -0.05   0.959     .8763778    1.133437
          HCC188 |   .7393319   .0365296    -6.11   0.000     .6710927    .8145099
          HCC189 |   .6825908   .0398337    -6.54   0.000     .6088176    .7653034
                 |
    providertype |
              1  |   1.182208   .1334177     1.48   0.138     .9476151    1.474878
              2  |   1.120331   .0616146     2.07   0.039     1.005849    1.247842
                 |
          n_pcps |   .9999563   .0001123    -0.39   0.697     .9997362    1.000176
          n_spec |   .9999662   .0000523    -0.65   0.517     .9998637    1.000069
   lives_covered |   1.000003   1.31e-06     2.55   0.011     1.000001    1.000006
           _cons |   .4881039   .0313652   -11.16   0.000      .430343    .5536175
----------------------------------------------------------------------------------
Note: _cons estimates baseline odds.

Predictive margins                              Number of obs     =    343,351
Model VCE    : Robust

Expression   : Pr(alldiabtest_ind), predict()

----------------------------------------------------------------------------------
                 |            Delta-method
                 |     Margin   Std. Err.      z    P>|z|     [95% Conf. Interval]
-----------------+----------------------------------------------------------------
            year |
           2013  |   .5092629   .0058952    86.39   0.000     .4977086    .5208173
           2014  |    .502606   .0067248    74.74   0.000     .4894256    .5157865
           2015  |   .5262866   .0124623    42.23   0.000      .501861    .5507122
           2016  |    .496457   .0068562    72.41   0.000     .4830191    .5098949
                 |
     aco_exit_gr |
              0  |   .5134492   .0074193    69.20   0.000     .4989075    .5279909
           2013  |   .5199726   .0548508     9.48   0.000     .4124669    .6274782
           2014  |   .4674604   .0174973    26.72   0.000     .4331664    .5017544
           2015  |    .493885   .0111322    44.37   0.000     .4720662    .5157037
                 |
year#aco_exit_gr |
      2013    0  |   .5140577   .0069242    74.24   0.000     .5004865    .5276289
      2013 2013  |   .5123273     .07663     6.69   0.000     .3621353    .6625194
      2013 2014  |   .4683081   .0167878    27.90   0.000     .4354045    .5012116
      2013 2015  |   .4936602   .0104409    47.28   0.000     .4731965    .5141239
      2014    0  |   .5059445   .0075612    66.91   0.000     .4911248    .5207642
      2014 2013  |   .5609703    .051172    10.96   0.000      .460675    .6612656
      2014 2014  |   .4737996   .0206934    22.90   0.000     .4332412    .5143579
      2014 2015  |   .4904993   .0117356    41.80   0.000     .4674979    .5135007
      2015    0  |    .533015   .0139971    38.08   0.000     .5055813    .5604487
      2015 2013  |   .5295616   .0771366     6.87   0.000     .3783766    .6807466
      2015 2014  |   .4656556   .0191172    24.36   0.000     .4281866    .5031246
      2015 2015  |    .506166   .0144716    34.98   0.000     .4778021    .5345299
      2016    0  |   .5003109   .0076734    65.20   0.000     .4852713    .5153505
      2016 2013  |   .4781252   .0212541    22.50   0.000     .4364679    .5197825
      2016 2014  |   .4625995   .0167472    27.62   0.000     .4297756    .4954235
      2016 2015  |   .4849552   .0153975    31.50   0.000     .4547766    .5151339
----------------------------------------------------------------------------------
15:38:35 14 Jun 2021
***********************************************************
                  June 2021 Main analysis                  
                   exit_year eyeexam_ind                   
15:38:35 14 Jun 2021
***********************************************************

Iteration 0:   log pseudolikelihood = -231346.02  
Iteration 1:   log pseudolikelihood = -224375.32  
Iteration 2:   log pseudolikelihood = -224246.47  
Iteration 3:   log pseudolikelihood = -224244.64  
Iteration 4:   log pseudolikelihood = -224244.64  

Logistic regression                             Number of obs     =    343,351
                                                Wald chi2(102)    =          .
                                                Prob > chi2       =          .
Log pseudolikelihood = -224244.64               Pseudo R2         =     0.0307

                               (Std. Err. adjusted for 338 clusters in cluster_id)
----------------------------------------------------------------------------------
                 |               Robust
     eyeexam_ind | Odds Ratio   Std. Err.      z    P>|z|     [95% Conf. Interval]
-----------------+----------------------------------------------------------------
            year |
           2014  |   .9719813   .0267606    -1.03   0.302     .9209216    1.025872
           2015  |   1.078387   .0717181     1.13   0.256      .946598    1.228525
           2016  |   .9783748   .0314476    -0.68   0.496     .9186401    1.041994
                 |
     aco_exit_gr |
           2013  |   1.007992   .2866901     0.03   0.978     .5772455    1.760164
           2014  |   .9330521   .0574835    -1.12   0.261      .826923    1.052802
           2015  |   .9830411   .0577544    -0.29   0.771     .8761187    1.103013
                 |
year#aco_exit_gr |
      2014 2013  |    1.20957   .1083472     2.12   0.034      1.01481    1.441708
      2014 2014  |   .9976301   .0559974    -0.04   0.966     .8936989    1.113648
      2014 2015  |   1.018846   .0424694     0.45   0.654     .9389172     1.10558
      2015 2013  |   .8836197   .0861844    -1.27   0.205     .7298656    1.069764
      2015 2014  |   .9000103   .0708839    -1.34   0.181     .7712723    1.050237
      2015 2015  |   .9762018   .0697749    -0.34   0.736     .8485925    1.123001
      2016 2013  |   .9794974   .2123743    -0.10   0.924     .6403922    1.498168
      2016 2014  |   .9779581   .0485443    -0.45   0.653     .8872949    1.077885
      2016 2015  |   .9831705    .057488    -0.29   0.772     .8767127    1.102555
                 |
          agegrp |
              1  |   1.258905   .0138188    20.98   0.000      1.23211    1.286283
              2  |    1.38089   .0233595    19.08   0.000     1.335857    1.427441
                 |
        1.female |   1.280604   .0135083    23.45   0.000       1.2544    1.307355
                 |
         race_g3 |
              1  |   .8348288   .0360101    -4.19   0.000     .7671514    .9084766
              2  |   1.007975   .0272678     0.29   0.769     .9559235    1.062861
                 |
            HCC1 |   1.045504   .1137291     0.41   0.682     .8447584    1.293953
            HCC2 |   .8909378   .0234798    -4.38   0.000     .8460866    .9381666
            HCC6 |   1.111469   .0722386     1.63   0.104      .978531    1.262468
            HCC8 |   .6483537   .0236053   -11.90   0.000     .6037003      .69631
            HCC9 |   .9613121   .0324882    -1.17   0.243     .8996995    1.027144
           HCC10 |   1.033527   .0367032     0.93   0.353     .9640365    1.108026
           HCC11 |   1.048898   .0301032     1.66   0.096     .9915259    1.109591
           HCC12 |   1.244858   .0209806    13.00   0.000     1.204409    1.286666
           HCC17 |   1.865137   .0793995    14.64   0.000     1.715832    2.027433
           HCC18 |   2.033034   .0421874    34.19   0.000     1.952007    2.117425
           HCC19 |   1.314694    .025227    14.26   0.000     1.266168    1.365079
           HCC21 |   .8157175   .0330422    -5.03   0.000     .7534601    .8831191
           HCC22 |   1.001952   .0189973     0.10   0.918     .9654012    1.039886
           HCC23 |   1.124843    .024004     5.51   0.000     1.078767    1.172888
           HCC27 |   .8689841   .0480088    -2.54   0.011      .779804    .9683629
           HCC28 |   .9131236   .0439673    -1.89   0.059     .8308905    1.003495
           HCC29 |   1.045911   .0517272     0.91   0.364     .9492862    1.152371
           HCC33 |   .9350841   .0289749    -2.17   0.030     .8799845    .9936338
           HCC34 |   .9185028   .0627658    -1.24   0.213     .8033666     1.05014
           HCC35 |   1.207629   .0515312     4.42   0.000     1.110738    1.312973
           HCC39 |   .9232184   .0353904    -2.08   0.037     .8563962    .9952546
           HCC40 |   1.235794   .0256175    10.21   0.000      1.18659    1.287037
           HCC46 |   1.081483   .0632045     1.34   0.180     .9644356    1.212735
           HCC47 |   1.022072   .0326276     0.68   0.494     .9600822    1.088063
           HCC48 |   1.059331   .0221331     2.76   0.006     1.016827    1.103611
           HCC54 |   .6831999   .0747208    -3.48   0.000     .5513825    .8465307
           HCC55 |   .8485083   .0546444    -2.55   0.011     .7478909    .9626622
           HCC57 |   .8819838   .0625869    -1.77   0.077      .767464    1.013592
           HCC58 |    .984173   .0236586    -0.66   0.507     .9388785    1.031653
           HCC70 |   .7854394   .0876316    -2.16   0.030     .6311666    .9774203
           HCC71 |   .8392534   .0919175    -1.60   0.110     .6771221    1.040206
           HCC72 |   1.044108   .0555222     0.81   0.417     .9407654    1.158803
           HCC73 |   .6567679   .1344021    -2.05   0.040     .4397649    .9808515
           HCC74 |   1.261227   .1995061     1.47   0.142     .9250104    1.719649
           HCC75 |    1.15229   .0362274     4.51   0.000     1.083429    1.225528
           HCC76 |   1.275309   .3420733     0.91   0.365     .7538749    2.157403
           HCC77 |   1.205819   .0749113     3.01   0.003     1.067582    1.361955
           HCC78 |   .9531023   .0402808    -1.14   0.256     .8773348    1.035413
           HCC79 |   .9387968    .027145    -2.18   0.029     .8870731    .9935364
           HCC80 |   .9099483   .0856404    -1.00   0.316     .7566679    1.094279
           HCC82 |   .8090449   .0697116    -2.46   0.014     .6833271    .9578923
           HCC83 |   1.062583   .2146178     0.30   0.764     .7152196    1.578652
           HCC84 |   .8417932   .0196862    -7.36   0.000       .80408    .8812754
           HCC85 |   .8689979   .0144981    -8.42   0.000     .8410417    .8978834
           HCC86 |    .857905   .0284677    -4.62   0.000     .8038849    .9155551
           HCC87 |    .999286   .0260106    -0.03   0.978     .9495847    1.051589
           HCC88 |   1.092465   .0286982     3.37   0.001     1.037641    1.150186
           HCC96 |   1.035286   .0143125     2.51   0.012     1.007611    1.063722
           HCC99 |   .9133301   .0535846    -1.55   0.122     .8141196     1.02463
          HCC100 |   .8868055   .0177547    -6.00   0.000     .8526807    .9222959
          HCC103 |   .8153317   .0356999    -4.66   0.000     .7482795    .8883924
          HCC104 |   1.002281   .1296447     0.02   0.986     .7778338    1.291493
          HCC106 |   .7739367   .0346986    -5.72   0.000     .7088311    .8450222
          HCC107 |   .9620806   .0258232    -1.44   0.150     .9127762    1.014048
          HCC108 |   1.056836   .0147076     3.97   0.000     1.028399    1.086059
          HCC110 |   .5406361   .1231714    -2.70   0.007     .3459222    .8449511
          HCC111 |   .8031711   .0132956   -13.24   0.000     .7775304    .8296574
          HCC112 |   1.190928   .0436703     4.77   0.000     1.108339    1.279671
          HCC114 |   1.023913   .0542097     0.45   0.655     .9229906     1.13587
          HCC115 |   .9108486   .0700352    -1.21   0.225     .7834248    1.058998
          HCC122 |   3.623205   .1370075    34.04   0.000     3.364385    3.901936
          HCC124 |   8.330539   .8116169    21.76   0.000     6.882455     10.0833
          HCC134 |   .6261204   .0254291   -11.53   0.000     .5782123     .677998
          HCC135 |   .8231685   .0173863    -9.21   0.000     .7897877    .8579601
          HCC136 |   .8774839   .0385597    -2.97   0.003     .8050715    .9564096
          HCC137 |   .8802433   .0330164    -3.40   0.001     .8178537    .9473922
          HCC157 |   .7574023   .1003138    -2.10   0.036     .5842377    .9818919
          HCC158 |   .7102692   .0609044    -3.99   0.000     .6003907    .8402569
          HCC161 |    .921789   .0222483    -3.37   0.001     .8791985    .9664428
          HCC162 |   1.380095   .4021327     1.11   0.269     .7796249    2.443051
          HCC166 |   .4615576   .1503628    -2.37   0.018     .2437405    .8740254
          HCC167 |   1.042887    .064081     0.68   0.494     .9245591     1.17636
          HCC169 |   .9041973   .0373076    -2.44   0.015     .8339543    .9803568
          HCC170 |   .7972232   .0390337    -4.63   0.000     .7242747     .877519
          HCC173 |   1.102305   .0638815     1.68   0.093     .9839488    1.234898
          HCC176 |   1.006137   .0305198     0.20   0.840     .9480628    1.067769
          HCC186 |   1.007659   .0666928     0.12   0.908     .8850669    1.147232
          HCC188 |   .8445278   .0421214    -3.39   0.001     .7658782    .9312542
          HCC189 |   .7669907   .0471877    -4.31   0.000     .6798631    .8652842
                 |
    providertype |
              1  |   1.168993   .1406209     1.30   0.194     .9234621    1.479807
              2  |   1.035248   .0530078     0.68   0.499     .9363982    1.144534
                 |
          n_pcps |   .9999682   .0001142    -0.28   0.781     .9997445    1.000192
          n_spec |   1.000016   .0000458     0.36   0.721     .9999267    1.000106
   lives_covered |   1.000002   1.19e-06     1.83   0.067     .9999998    1.000004
           _cons |   .7654304   .0500739    -4.09   0.000     .6733188     .870143
----------------------------------------------------------------------------------
Note: _cons estimates baseline odds.

Predictive margins                              Number of obs     =    343,351
Model VCE    : Robust

Expression   : Pr(eyeexam_ind), predict()

----------------------------------------------------------------------------------
                 |            Delta-method
                 |     Margin   Std. Err.      z    P>|z|     [95% Conf. Interval]
-----------------+----------------------------------------------------------------
            year |
           2013  |    .596923   .0054195   110.14   0.000     .5863011     .607545
           2014  |    .590877   .0060623    97.47   0.000     .5789951    .6027589
           2015  |     .61216   .0122296    50.06   0.000     .5881904    .6361296
           2016  |   .5911277   .0068834    85.88   0.000     .5776365    .6046189
                 |
     aco_exit_gr |
              0  |   .5999522   .0071309    84.13   0.000     .5859759    .6139285
           2013  |   .6036471   .0497217    12.14   0.000     .5061944    .7010998
           2014  |     .57579   .0133097    43.26   0.000     .5497035    .6018764
           2015  |   .5945604   .0108661    54.72   0.000     .5732633    .6158575
                 |
year#aco_exit_gr |
      2013    0  |    .598272   .0063828    93.73   0.000     .5857619     .610782
      2013 2013  |   .6001086   .0653163     9.19   0.000      .472091    .7281261
      2013 2014  |    .582179   .0125859    46.26   0.000     .5575111    .6068469
      2013 2015  |   .5943167   .0115574    51.42   0.000     .5716646    .6169689
      2014    0  |    .591694     .00683    86.63   0.000     .5783074    .6050805
      2014 2013  |   .6368141   .0450382    14.14   0.000     .5485409    .7250874
      2014 2014  |    .574973   .0155002    37.09   0.000     .5445931    .6053529
      2014 2015  |   .5920574   .0116199    50.95   0.000     .5692829     .614832
      2015    0  |   .6155735   .0137622    44.73   0.000        .5886    .6425469
      2015 2013  |   .5889341   .0726814     8.10   0.000     .4464811    .7313871
      2015 2014  |   .5751862   .0147123    39.10   0.000     .5463506    .6040218
      2015 2015  |   .6061615   .0142394    42.57   0.000     .5782528    .6340702
      2016    0  |   .5932144   .0075889    78.17   0.000     .5783404    .6080884
      2016 2013  |   .5902548   .0215035    27.45   0.000     .5481087     .632401
      2016 2014  |   .5718372   .0148454    38.52   0.000     .5427408    .6009336
      2016 2015  |   .5852943   .0132377    44.21   0.000      .559349    .6112397
----------------------------------------------------------------------------------
15:51:12 14 Jun 2021
***********************************************************
                  June 2021 Main analysis                  
                  exit_year hba1ctest_ind                  
15:51:12 14 Jun 2021
***********************************************************

Iteration 0:   log pseudolikelihood = -115651.22  
Iteration 1:   log pseudolikelihood = -108540.58  
Iteration 2:   log pseudolikelihood = -107103.06  
Iteration 3:   log pseudolikelihood = -107096.85  
Iteration 4:   log pseudolikelihood = -107096.85  

Logistic regression                             Number of obs     =    343,351
                                                Wald chi2(102)    =          .
                                                Prob > chi2       =          .
Log pseudolikelihood = -107096.85               Pseudo R2         =     0.0740

                               (Std. Err. adjusted for 338 clusters in cluster_id)
----------------------------------------------------------------------------------
                 |               Robust
   hba1ctest_ind | Odds Ratio   Std. Err.      z    P>|z|     [95% Conf. Interval]
-----------------+----------------------------------------------------------------
            year |
           2014  |   1.000269   .0283417     0.01   0.992     .9462346    1.057389
           2015  |   1.167924   .0571779     3.17   0.002     1.061066    1.285543
           2016  |   1.195007   .0380909     5.59   0.000     1.122635    1.272045
                 |
     aco_exit_gr |
           2013  |   .6630843   .2248993    -1.21   0.226     .3410872    1.289057
           2014  |   .7624043   .0782334    -2.64   0.008     .6235052    .9322462
           2015  |   .9590386   .0724647    -0.55   0.580     .8270266    1.112123
                 |
year#aco_exit_gr |
      2014 2013  |   1.512006   .4018973     1.56   0.120     .8980503    2.545694
      2014 2014  |   1.122713   .0811986     1.60   0.110     .9743314    1.293691
      2014 2015  |   1.034087   .0724628     0.48   0.632     .9013836    1.186327
      2015 2013  |   1.221769   .2927737     0.84   0.403     .7638616    1.954174
      2015 2014  |    .848807   .0732348    -1.90   0.057     .7167497    1.005195
      2015 2015  |    .990889   .0666265    -0.14   0.892     .8685422     1.13047
      2016 2013  |   1.991676   .3792037     3.62   0.000      1.37137    2.892561
      2016 2014  |   .8993066   .0724629    -1.32   0.188     .7679289     1.05316
      2016 2015  |   .7891481   .0780336    -2.39   0.017      .650113    .9579177
                 |
          agegrp |
              1  |    .994427    .014265    -0.39   0.697     .9668575    1.022783
              2  |   .9404302   .0253668    -2.28   0.023     .8920035     .991486
                 |
        1.female |   1.183306    .019207    10.37   0.000     1.146253    1.221556
                 |
         race_g3 |
              1  |   .7308637   .0384663    -5.96   0.000     .6592295     .810282
              2  |   .9862419    .059819    -0.23   0.819     .8756995    1.110739
                 |
            HCC1 |   1.089063   .1521067     0.61   0.541      .828262    1.431984
            HCC2 |   .8964885   .0355453    -2.76   0.006     .8294591    .9689345
            HCC6 |     .82258   .0715479    -2.25   0.025     .6936506    .9754737
            HCC8 |    .375462     .01999   -18.40   0.000     .3382572    .4167589
            HCC9 |   .7265486   .0316534    -7.33   0.000     .6670841    .7913139
           HCC10 |   .7929145   .0399061    -4.61   0.000     .7184338    .8751167
           HCC11 |   .9351665     .03235    -1.94   0.053     .8738634     1.00077
           HCC12 |   1.088536     .02969     3.11   0.002     1.031873    1.148311
           HCC17 |   5.347948   .4586284    19.55   0.000     4.520536    6.326804
           HCC18 |   5.162178   .2597805    32.62   0.000     4.677322    5.697295
           HCC19 |   3.431672   .1368114    30.93   0.000     3.173735    3.710571
           HCC21 |   .6864334   .0356715    -7.24   0.000     .6199612    .7600327
           HCC22 |   1.099563    .031692     3.29   0.001      1.03917    1.163466
           HCC23 |   1.022512   .0341751     0.67   0.505     .9576766    1.091736
           HCC27 |   .7052304   .0477131    -5.16   0.000     .6176496      .80523
           HCC28 |   .8274357   .0562662    -2.79   0.005      .724189    .9454022
           HCC29 |   1.076884   .1027008     0.78   0.437     .8932872    1.298215
           HCC33 |   .8865255   .0420111    -2.54   0.011     .8078934    .9728109
           HCC34 |   1.005507   .1217994     0.05   0.964      .793007     1.27495
           HCC35 |   .9249421    .051304    -1.41   0.160     .8296611    1.031165
           HCC39 |   .8452641   .0404306    -3.51   0.000     .7696227    .9283399
           HCC40 |   .8913631   .0278578    -3.68   0.000     .8384015    .9476703
           HCC46 |   .7708109   .0633708    -3.17   0.002     .6560967     .905582
           HCC47 |   .7586758   .0356326    -5.88   0.000     .6919552    .8318299
           HCC48 |   .9690102   .0332428    -0.92   0.359     .9059977    1.036405
           HCC54 |    .798181   .1190433    -1.51   0.131     .5958685    1.069184
           HCC55 |   .9419812   .0948703    -0.59   0.553     .7732407    1.147545
           HCC57 |   .6523003   .0421453    -6.61   0.000     .5747132    .7403617
           HCC58 |   .8379634    .025473    -5.82   0.000     .7894954    .8894069
           HCC70 |   .7541828   .0993686    -2.14   0.032     .5825392    .9764007
           HCC71 |   .6873859   .0850515    -3.03   0.002     .5393616    .8760347
           HCC72 |   .9730213   .0648164    -0.41   0.681     .8539271    1.108725
           HCC73 |   .7558822   .2449104    -0.86   0.388     .4005527    1.426424
           HCC74 |   .8239485   .1418456    -1.12   0.261     .5879803    1.154615
           HCC75 |   .9802027   .0505678    -0.39   0.698     .8859377    1.084498
           HCC76 |   .7971163    .185308    -0.98   0.329      .505406    1.257196
           HCC77 |   .7481331   .0698531    -3.11   0.002     .6230205    .8983704
           HCC78 |   .6830819   .0378643    -6.88   0.000     .6127585     .761476
           HCC79 |   .7078169    .025262    -9.68   0.000     .6599963    .7591025
           HCC80 |   .7974183   .0917069    -1.97   0.049     .6364935    .9990298
           HCC82 |   .7584269    .074686    -2.81   0.005     .6253048    .9198897
           HCC83 |   .7185539   .1589422    -1.49   0.135     .4657746    1.108518
           HCC84 |   .7550901    .027769    -7.64   0.000     .7025791    .8115258
           HCC85 |   .8361448   .0191945    -7.80   0.000     .7993581    .8746245
           HCC86 |   .8632627   .0384104    -3.30   0.001     .7911689    .9419258
           HCC87 |   .9981856   .0367854    -0.05   0.961     .9286297    1.072951
           HCC88 |   .9970474   .0366515    -0.08   0.936     .9277385    1.071534
           HCC96 |   .8801492   .0182766    -6.15   0.000     .8450469    .9167096
           HCC99 |   .8897376   .0772755    -1.35   0.179     .7504701    1.054849
          HCC100 |   .8586977   .0264742    -4.94   0.000     .8083458     .912186
          HCC103 |   .7637409   .0420191    -4.90   0.000     .6856698    .8507012
          HCC104 |   .7754902   .1117214    -1.76   0.078     .5847195    1.028502
          HCC106 |   .6698057    .044846    -5.99   0.000     .5874321    .7637303
          HCC107 |   .8787036   .0320567    -3.54   0.000     .8180673    .9438342
          HCC108 |   .8963204    .018534    -5.29   0.000     .8607207    .9333925
          HCC110 |   .6429496   .2407246    -1.18   0.238     .3086608    1.339283
          HCC111 |   .7644222   .0147817   -13.89   0.000     .7359927    .7939499
          HCC112 |   .9136004   .0465409    -1.77   0.076     .8267879    1.009528
          HCC114 |   .8369385    .046632    -3.19   0.001     .7503551    .9335127
          HCC115 |    .871947   .0838908    -1.42   0.154     .7220965    1.052895
          HCC122 |   1.126368   .0689851     1.94   0.052     .9989597    1.270026
          HCC124 |   1.067683   .0874265     0.80   0.424     .9093739    1.253552
          HCC134 |   .7714204   .0431664    -4.64   0.000     .6912901    .8608388
          HCC135 |   .7556125   .0262676    -8.06   0.000     .7058437    .8088904
          HCC136 |    .722719   .0550476    -4.26   0.000     .6224949    .8390797
          HCC137 |   .7613799   .0512161    -4.05   0.000      .667334    .8686795
          HCC157 |   .6848453   .0889846    -2.91   0.004     .5308754    .8834711
          HCC158 |   .6242222   .0589679    -4.99   0.000     .5187158    .7511885
          HCC161 |   .7777336   .0292557    -6.68   0.000     .7224563    .8372403
          HCC162 |     1.3085   .6757031     0.52   0.603     .4755735    3.600229
          HCC166 |   1.316486   .7668157     0.47   0.637     .4203542    4.123034
          HCC167 |   .8433612   .0736202    -1.95   0.051     .7107371    1.000733
          HCC169 |   .7422586    .044901    -4.93   0.000     .6592711    .8356923
          HCC170 |   .7121874   .0486013    -4.97   0.000     .6230263    .8141084
          HCC173 |   1.044199    .095662     0.47   0.637     .8725742     1.24958
          HCC176 |   .8490405   .0298037    -4.66   0.000     .7925906    .9095109
          HCC186 |   .9331267   .0762453    -0.85   0.397     .7950407    1.095196
          HCC188 |       .745   .0493308    -4.45   0.000     .6543247     .848241
          HCC189 |   .7801213   .0785802    -2.47   0.014     .6403569    .9503906
                 |
    providertype |
              1  |   1.178349   .0899857     2.15   0.032     1.014544      1.3686
              2  |   1.218641   .0735107     3.28   0.001     1.082753    1.371582
                 |
          n_pcps |   1.000134    .000179     0.75   0.455     .9997829    1.000485
          n_spec |   .9999189   .0000938    -0.86   0.387     .9997351    1.000103
   lives_covered |   1.000002   1.23e-06     1.74   0.082     .9999997    1.000005
           _cons |   3.199081   .1851466    20.09   0.000     2.856025    3.583344
----------------------------------------------------------------------------------
Note: _cons estimates baseline odds.

Predictive margins                              Number of obs     =    343,351
Model VCE    : Robust

Expression   : Pr(hba1ctest_ind), predict()

----------------------------------------------------------------------------------
                 |            Delta-method
                 |     Margin   Std. Err.      z    P>|z|     [95% Conf. Interval]
-----------------+----------------------------------------------------------------
            year |
           2013  |   .8873082   .0028167   315.01   0.000     .8817875    .8928289
           2014  |   .8884537   .0028106   316.11   0.000     .8829451    .8939623
           2015  |   .9000951    .003456   260.44   0.000     .8933215    .9068687
           2016  |   .9002865   .0028083   320.58   0.000     .8947822    .9057907
                 |
     aco_exit_gr |
              0  |   .8970568   .0025433   352.71   0.000      .892072    .9020416
           2013  |   .8875012   .0241176    36.80   0.000     .8402316    .9347707
           2014  |    .866637   .0088106    98.36   0.000     .8493685    .8839056
           2015  |   .8883791   .0059281   149.86   0.000     .8767603    .8999979
                 |
year#aco_exit_gr |
      2013    0  |   .8893535   .0030681   289.87   0.000     .8833401     .895367
      2013 2013  |   .8456751   .0408299    20.71   0.000       .76565    .9257002
      2013 2014  |   .8618388   .0110121    78.26   0.000     .8402554    .8834222
      2013 2015  |   .8854338   .0066597   132.95   0.000     .8723811    .8984865
      2014    0  |   .8893784   .0029863   297.82   0.000     .8835254    .8952314
      2014 2013  |   .8896168   .0226187    39.33   0.000     .8452849    .9339487
      2014 2014  |   .8742193   .0105876    82.57   0.000      .853468    .8949706
      2014 2015  |   .8886092    .008142   109.14   0.000     .8726512    .9045672
      2015    0  |   .9029301   .0038063   237.22   0.000       .89547    .9103903
      2015 2013  |    .884144   .0112962    78.27   0.000     .8620039    .9062842
      2015 2014  |   .8608727   .0089482    96.21   0.000     .8433346    .8784108
      2015 2015  |   .8986368   .0066452   135.23   0.000     .8856124    .9116611
      2016    0  |   .9048096    .003168   285.61   0.000     .8986004    .9110189
      2016 2013  |   .9252221   .0324127    28.55   0.000     .8616944    .9887499
      2016 2014  |   .8696348   .0095462    91.10   0.000     .8509245    .8883451
      2016 2015  |   .8797435   .0073641   119.46   0.000     .8653102    .8941769
----------------------------------------------------------------------------------
16:03:47 14 Jun 2021
***********************************************************
                  June 2021 Main analysis                  
                 exit_year ldlcscreen_ind                  
16:03:47 14 Jun 2021
***********************************************************

Iteration 0:   log pseudolikelihood = -141695.83  
Iteration 1:   log pseudolikelihood = -136839.86  
Iteration 2:   log pseudolikelihood = -136103.01  
Iteration 3:   log pseudolikelihood = -136100.44  
Iteration 4:   log pseudolikelihood = -136100.44  

Logistic regression                             Number of obs     =    343,351
                                                Wald chi2(102)    =          .
                                                Prob > chi2       =          .
Log pseudolikelihood = -136100.44               Pseudo R2         =     0.0395

                               (Std. Err. adjusted for 338 clusters in cluster_id)
----------------------------------------------------------------------------------
                 |               Robust
  ldlcscreen_ind | Odds Ratio   Std. Err.      z    P>|z|     [95% Conf. Interval]
-----------------+----------------------------------------------------------------
            year |
           2014  |   .9263607   .0256276    -2.76   0.006     .8774689    .9779766
           2015  |   .9615263   .0563423    -0.67   0.503     .8572026    1.078546
           2016  |   .8039533   .0282152    -6.22   0.000     .7505116    .8612003
                 |
     aco_exit_gr |
           2013  |   .8501289   .1259231    -1.10   0.273     .6359204    1.136493
           2014  |   .6506946   .0734731    -3.81   0.000     .5215115    .8118776
           2015  |   .8165421   .0845572    -1.96   0.050     .6665492    1.000288
                 |
year#aco_exit_gr |
      2014 2013  |   1.019516   .0881448     0.22   0.823     .8605998    1.207777
      2014 2014  |   1.231063   .0714574     3.58   0.000     1.098682    1.379394
      2014 2015  |   .9958035   .0616219    -0.07   0.946     .8820638     1.12421
      2015 2013  |   .8920859   .1230399    -0.83   0.408     .6807783    1.168982
      2015 2014  |    1.00044   .0780781     0.01   0.996      .858539    1.165795
      2015 2015  |   1.008637   .0939361     0.09   0.926     .8403515    1.210622
      2016 2013  |   .9369687   .0833651    -0.73   0.464     .7870295    1.115473
      2016 2014  |   1.119479   .0729187     1.73   0.083     .9853074     1.27192
      2016 2015  |    1.07514   .0980186     0.79   0.427     .8992124    1.285486
                 |
          agegrp |
              1  |   1.069181   .0137313     5.21   0.000     1.042604    1.096436
              2  |   1.023202   .0201235     1.17   0.244     .9845112    1.063413
                 |
        1.female |    1.13319   .0164687     8.60   0.000     1.101367    1.165932
                 |
         race_g3 |
              1  |   .7178916   .0375302    -6.34   0.000     .6479768    .7953499
              2  |   1.103709   .0751946     1.45   0.148     .9657462     1.26138
                 |
            HCC1 |   1.305474   .1603383     2.17   0.030      1.02618    1.660783
            HCC2 |   .8027322   .0235982    -7.47   0.000     .7577877    .8503423
            HCC6 |   .9695731   .0763761    -0.39   0.695      .830862    1.131442
            HCC8 |   .3568897   .0152663   -24.09   0.000     .3281882    .3881012
            HCC9 |   .7162737    .031199    -7.66   0.000     .6576623    .7801086
           HCC10 |   .8334084   .0323996    -4.69   0.000     .7722654    .8993924
           HCC11 |   .9505237   .0334284    -1.44   0.149     .8872123    1.018353
           HCC12 |   1.188968   .0242535     8.49   0.000      1.14237    1.237467
           HCC17 |   1.501953   .0894307     6.83   0.000     1.336514    1.687872
           HCC18 |   1.537996   .0471352    14.05   0.000     1.448333     1.63321
           HCC19 |   1.441721    .036222    14.56   0.000     1.372446    1.514491
           HCC21 |    .727567    .034065    -6.79   0.000     .6637727    .7974924
           HCC22 |   1.012473   .0228328     0.55   0.583     .9686964    1.058228
           HCC23 |   1.015238   .0293411     0.52   0.601     .9593289    1.074405
           HCC27 |   .4918873   .0294994   -11.83   0.000     .4373383    .5532402
           HCC28 |   .7317986   .0411266    -5.56   0.000     .6554727    .8170122
           HCC29 |   .9944787   .0693348    -0.08   0.937      .867461    1.140095
           HCC33 |   .9581229    .041274    -0.99   0.321     .8805483    1.042532
           HCC34 |   .8037445   .0849563    -2.07   0.039     .6533494    .9887593
           HCC35 |   .9920847   .0600416    -0.13   0.896     .8811168    1.117028
           HCC39 |   .8810546   .0360243    -3.10   0.002     .8132034    .9545671
           HCC40 |   .9661498   .0284327    -1.17   0.242     .9119994    1.023515
           HCC46 |   .8201669   .0555783    -2.93   0.003     .7181595    .9366635
           HCC47 |    .789806    .030292    -6.15   0.000     .7326114    .8514656
           HCC48 |   1.056369   .0304769     1.90   0.057     .9982933    1.117824
           HCC54 |    .986008   .1288508    -0.11   0.914     .7632134     1.27384
           HCC55 |   .9627663   .0906208    -0.40   0.687     .8005734    1.157819
           HCC57 |    .584952   .0395952    -7.92   0.000     .5122745    .6679405
           HCC58 |    .825154   .0219912    -7.21   0.000     .7831584    .8694015
           HCC70 |   .7910249   .1071338    -1.73   0.083     .6066053    1.031512
           HCC71 |   .6665764   .0756612    -3.57   0.000     .5336204    .8326595
           HCC72 |   .8478359   .0498901    -2.81   0.005     .7554811    .9514806
           HCC73 |   .7681132    .230079    -0.88   0.378     .4270297    1.381632
           HCC74 |   .8768974   .1508794    -0.76   0.445     .6258794     1.22859
           HCC75 |   .9019905   .0382141    -2.43   0.015     .8301176    .9800863
           HCC76 |   .9381004    .234306    -0.26   0.798     .5749734    1.530562
           HCC77 |   .7369916   .0657918    -3.42   0.001     .6186929    .8779099
           HCC78 |    .717031   .0348339    -6.85   0.000     .6519073    .7886603
           HCC79 |   .7751264   .0283601    -6.96   0.000     .7214878    .8327527
           HCC80 |   .9700971   .1005524    -0.29   0.770     .7917472    1.188622
           HCC82 |    .676945   .0559875    -4.72   0.000     .5756437    .7960732
           HCC83 |   .9307686   .2179406    -0.31   0.759     .5882093    1.472826
           HCC84 |   .7334549    .021999   -10.34   0.000     .6915806    .7778647
           HCC85 |   .8339207   .0176773    -8.57   0.000     .7999838    .8692974
           HCC86 |   1.053085   .0429781     1.27   0.205     .9721307    1.140781
           HCC87 |   1.234416     .04225     6.15   0.000     1.154324    1.320065
           HCC88 |   1.271637   .0489453     6.24   0.000     1.179236    1.371279
           HCC96 |   .9701238   .0155854    -1.89   0.059     .9400529    1.001157
           HCC99 |   .8284816    .062509    -2.49   0.013     .7145944    .9605194
          HCC100 |   .9220583   .0252965    -2.96   0.003     .8737876    .9729957
          HCC103 |   .7579472   .0320365    -6.56   0.000     .6976874    .8234117
          HCC104 |   .7388965   .0967496    -2.31   0.021     .5716484    .9550766
          HCC106 |   .7112377   .0371552    -6.52   0.000     .6420189    .7879192
          HCC107 |   .9907892   .0338988    -0.27   0.787     .9265276    1.059508
          HCC108 |   1.078758   .0205698     3.98   0.000     1.039186    1.119837
          HCC110 |   .5337585   .1301051    -2.58   0.010     .3310261    .8606518
          HCC111 |   .8151858   .0154361   -10.79   0.000     .7854862    .8460084
          HCC112 |   .9651065   .0429461    -0.80   0.425     .8844998    1.053059
          HCC114 |   .8368786   .0456876    -3.26   0.001     .7519568    .9313909
          HCC115 |   .8885106   .0814602    -1.29   0.197     .7423743    1.063414
          HCC122 |   .9358363   .0383939    -1.62   0.106     .8635315    1.014195
          HCC124 |    1.08106   .0811307     1.04   0.299     .9331882    1.252363
          HCC134 |   .3462643   .0197072   -18.63   0.000     .3097154    .3871264
          HCC135 |   .7214217   .0192597   -12.23   0.000      .684644     .760175
          HCC136 |   .6169037   .0363117    -8.21   0.000      .549686    .6923411
          HCC137 |   .7227872   .0360836    -6.50   0.000     .6554145    .7970854
          HCC157 |   .6765802   .0876386    -3.02   0.003      .524882    .8721212
          HCC158 |    .646529   .0624797    -4.51   0.000     .5349695    .7813525
          HCC161 |   .7562324   .0226022    -9.35   0.000     .7132054    .8018552
          HCC162 |   .6044192   .2048804    -1.49   0.137     .3110326    1.174548
          HCC166 |   .9311601   .3527509    -0.19   0.851     .4431636    1.956521
          HCC167 |   .9624844   .0686973    -0.54   0.592     .8368339    1.107001
          HCC169 |   .7528613    .042046    -5.08   0.000     .6748027    .8399495
          HCC170 |   .7326505   .0403168    -5.65   0.000     .6577432    .8160886
          HCC173 |   .9832124   .0693644    -0.24   0.810     .8562411    1.129012
          HCC176 |   .9661731   .0329298    -1.01   0.313     .9037403    1.032919
          HCC186 |   1.175823   .0979856     1.94   0.052     .9986384    1.384445
          HCC188 |   .6483546   .0367342    -7.65   0.000     .5802105    .7245021
          HCC189 |   .6546449   .0521189    -5.32   0.000     .5600648    .7651972
                 |
    providertype |
              1  |   1.124686   .1012582     1.31   0.192     .9427483    1.341736
              2  |   1.406011   .1148858     4.17   0.000     1.197945    1.650216
                 |
          n_pcps |   1.000089   .0002022     0.44   0.659      .999693    1.000486
          n_spec |   .9998048   .0000963    -2.03   0.043     .9996161    .9999935
   lives_covered |   1.000004   1.52e-06     2.78   0.005     1.000001    1.000007
           _cons |   4.883528   .3617102    21.41   0.000     4.223645    5.646508
----------------------------------------------------------------------------------
Note: _cons estimates baseline odds.

Predictive margins                              Number of obs     =    343,351
Model VCE    : Robust

Expression   : Pr(ldlcscreen_ind), predict()

----------------------------------------------------------------------------------
                 |            Delta-method
                 |     Margin   Std. Err.      z    P>|z|     [95% Conf. Interval]
-----------------+----------------------------------------------------------------
            year |
           2013  |   .8650143   .0040927   211.36   0.000     .8569928    .8730359
           2014  |   .8577133   .0043487   197.24   0.000       .84919    .8662365
           2015  |   .8606258   .0055572   154.87   0.000     .8497338    .8715178
           2016  |   .8405751   .0051963   161.76   0.000     .8303905    .8507597
                 |
     aco_exit_gr |
              0  |   .8604105   .0042752   201.26   0.000     .8520313    .8687898
           2013  |   .8346546   .0155199    53.78   0.000     .8042361    .8650731
           2014  |   .8150488   .0152099    53.59   0.000     .7852379    .8448597
           2015  |   .8381487     .01066    78.63   0.000     .8172556    .8590419
                 |
year#aco_exit_gr |
      2013    0  |   .8702631   .0044579   195.22   0.000     .8615259    .8790004
      2013 2013  |   .8516025   .0175003    48.66   0.000     .8173026    .8859024
      2013 2014  |   .8162176   .0154076    52.97   0.000     .7860192     .846416
      2013 2015  |   .8466456   .0118698    71.33   0.000     .8233812      .86991
      2014    0  |    .861729   .0046425   185.62   0.000     .8526299    .8708281
      2014 2013  |   .8445339   .0190845    44.25   0.000     .8071289    .8819389
      2014 2014  |   .8343514   .0156367    53.36   0.000     .8037041    .8649987
      2014 2015  |   .8363234   .0123406    67.77   0.000     .8121363    .8605105
      2015    0  |   .8659422   .0061355   141.14   0.000     .8539168    .8779677
      2015 2013  |   .8320247   .0177956    46.75   0.000     .7971459    .8669035
      2015 2014  |   .8105828   .0167399    48.42   0.000     .7777732    .8433923
      2015 2015  |   .8427902   .0110424    76.32   0.000     .8211475    .8644329
      2016    0  |   .8446997   .0057716   146.35   0.000     .8333876    .8560119
      2016 2013  |   .8139132   .0123418    65.95   0.000     .7897238    .8381027
      2016 2014  |    .800614   .0155943    51.34   0.000     .7700498    .8311782
      2016 2015  |   .8276069   .0125684    65.85   0.000     .8029733    .8522406
----------------------------------------------------------------------------------
16:16:23 14 Jun 2021
***********************************************************
                  June 2021 Main analysis                  
                    exit_year any_readm                    
16:16:23 14 Jun 2021
***********************************************************

Iteration 0:   log pseudolikelihood = -153409.88  
Iteration 1:   log pseudolikelihood = -147484.85  
Iteration 2:   log pseudolikelihood = -147033.11  
Iteration 3:   log pseudolikelihood = -147032.95  
Iteration 4:   log pseudolikelihood = -147032.95  

Logistic regression                             Number of obs     =    342,893
                                                Wald chi2(103)    =          .
                                                Prob > chi2       =          .
Log pseudolikelihood = -147032.95               Pseudo R2         =     0.0416

                               (Std. Err. adjusted for 346 clusters in cluster_id)
----------------------------------------------------------------------------------
                 |               Robust
       any_readm | Odds Ratio   Std. Err.      z    P>|z|     [95% Conf. Interval]
-----------------+----------------------------------------------------------------
            year |
           2014  |   .9872714   .0180012    -0.70   0.482     .9526126    1.023191
           2015  |   1.017425   .0242748     0.72   0.469     .9709427    1.066133
           2016  |   1.004738   .0203547     0.23   0.815     .9656257    1.045436
                 |
     aco_exit_gr |
           2013  |   1.242071    .103266     2.61   0.009     1.055303    1.461892
           2014  |   1.027694   .0674396     0.42   0.677     .9036616    1.168749
           2015  |   1.039465   .0473795     0.85   0.396     .9506297    1.136601
                 |
year#aco_exit_gr |
      2014 2013  |   1.544589   .3228951     2.08   0.038     1.025345    2.326783
      2014 2014  |     .99796    .050866    -0.04   0.968     .9030824    1.102805
      2014 2015  |   1.034725   .0455066     0.78   0.438     .9492695    1.127873
      2015 2013  |   .9641917   .1620331    -0.22   0.828     .6936148     1.34032
      2015 2014  |   1.016965   .0645109     0.27   0.791     .8980704      1.1516
      2015 2015  |   1.020303   .0450407     0.46   0.649     .9357363    1.112513
      2016 2013  |   .9725881   .1208106    -0.22   0.823     .7624238    1.240685
      2016 2014  |   .9677745   .0546814    -0.58   0.562     .8663222    1.081108
      2016 2015  |    1.00589   .0528844     0.11   0.911     .9073997     1.11507
                 |
          agegrp |
              1  |    1.02364   .0165008     1.45   0.147      .991805    1.056498
              2  |   1.143956   .0216636     7.10   0.000     1.102274    1.187214
              3  |   1.279526   .0215054    14.67   0.000     1.238063    1.322378
                 |
        1.female |   .9568268   .0104998    -4.02   0.000     .9364673    .9776288
                 |
         race_g3 |
              1  |   1.228716   .0284918     8.88   0.000     1.174123    1.285848
              2  |   1.054115   .0300055     1.85   0.064     .9969157    1.114596
                 |
            HCC1 |   1.013616   .1118799     0.12   0.902     .8164331    1.258423
            HCC2 |   1.157897   .0243192     6.98   0.000       1.1112    1.206556
            HCC6 |   1.128489   .0662654     2.06   0.040     1.005807    1.266136
            HCC8 |   1.678671   .0525366    16.55   0.000     1.578795    1.784864
            HCC9 |   1.248363   .0350595     7.90   0.000     1.181504    1.319004
           HCC10 |   1.122537   .0348594     3.72   0.000     1.056251    1.192982
           HCC11 |   1.110143   .0269378     4.31   0.000     1.058581    1.164215
           HCC12 |   .9462831   .0202033    -2.59   0.010     .9075023    .9867211
           HCC17 |   1.355206   .0805686     5.11   0.000     1.206148    1.522686
           HCC18 |   1.196437   .0179422    11.96   0.000     1.161783    1.232125
           HCC19 |   1.122629   .0144191     9.01   0.000     1.094721    1.151249
           HCC21 |   1.110127   .0364284     3.18   0.001     1.040976    1.183871
           HCC22 |   1.064961   .0281521     2.38   0.017     1.011189    1.121593
           HCC23 |   1.095342   .0204645     4.87   0.000     1.055958    1.136195
           HCC27 |   1.832237   .0961957    11.53   0.000     1.653073    2.030819
           HCC28 |   1.318846   .0686698     5.32   0.000     1.190895    1.460543
           HCC29 |   1.016018   .0816883     0.20   0.843       .86789    1.189429
           HCC33 |   1.132889   .0295343     4.79   0.000     1.076456    1.192279
           HCC34 |   1.256412   .0957001     3.00   0.003     1.082172    1.458705
           HCC35 |   1.172999   .0537546     3.48   0.000     1.072234    1.283232
           HCC39 |   1.043908   .0397343     1.13   0.259     .9688639    1.124764
           HCC40 |   1.097263    .018674     5.45   0.000     1.061266    1.134481
           HCC46 |   1.326021   .0566618     6.60   0.000     1.219489    1.441859
           HCC47 |   1.245545   .0373864     7.32   0.000     1.174383     1.32102
           HCC48 |   1.067302   .0196608     3.54   0.000     1.029455    1.106541
           HCC54 |   1.177795   .1027201     1.88   0.061     .9927342    1.397353
           HCC55 |   1.286788   .0802468     4.04   0.000     1.138739    1.454085
           HCC57 |   1.412439    .073513     6.63   0.000     1.275462    1.564128
           HCC58 |   1.125032   .0275245     4.82   0.000     1.072358    1.180293
           HCC70 |   1.002002   .0984122     0.02   0.984     .8265461    1.214702
           HCC71 |   1.283868   .1253966     2.56   0.011     1.060187    1.554741
           HCC72 |    1.10844   .0535404     2.13   0.033     1.008317    1.218505
           HCC73 |   .7843741   .1454641    -1.31   0.190     .5453381    1.128186
           HCC74 |   1.532621   .1811078     3.61   0.000     1.215764    1.932058
           HCC75 |   1.078028   .0355053     2.28   0.023     1.010637    1.149912
           HCC76 |   1.133144   .2330162     0.61   0.543      .757263    1.695601
           HCC77 |   1.124952   .0855833     1.55   0.122     .9691181    1.305843
           HCC78 |   1.177849   .0319953     6.03   0.000     1.116779    1.242258
           HCC79 |   1.174854   .0318176     5.95   0.000     1.114119      1.2389
           HCC80 |   1.148107   .0844912     1.88   0.061     .9938962    1.326245
           HCC82 |    1.08698   .0674059     1.34   0.179     .9625799    1.227457
           HCC83 |   1.327147   .1992985     1.88   0.059     .9887663    1.781331
           HCC84 |   1.246114   .0233403    11.75   0.000     1.201197     1.29271
           HCC85 |   1.339176   .0165536    23.63   0.000     1.307121    1.372017
           HCC86 |   1.189902   .0332099     6.23   0.000      1.12656    1.256805
           HCC87 |   1.049753   .0262298     1.94   0.052     .9995825    1.102443
           HCC88 |   .9951167    .026704    -0.18   0.855     .9441303    1.048856
           HCC96 |   1.135511   .0133567    10.80   0.000     1.109632    1.161994
           HCC99 |   1.083048   .0505361     1.71   0.087      .988393    1.186767
          HCC100 |   1.098704   .0189489     5.46   0.000     1.062186    1.136479
          HCC103 |   1.006001   .0299217     0.20   0.841     .9490321     1.06639
          HCC104 |   1.024258   .1116097     0.22   0.826     .8272889    1.268124
          HCC106 |   1.325604    .058448     6.39   0.000     1.215859    1.445256
          HCC107 |   1.097606   .0205251     4.98   0.000     1.058106     1.13858
          HCC108 |   1.094724   .0123566     8.02   0.000     1.070771    1.119212
          HCC110 |   1.428189   .5001619     1.02   0.309      .718934    2.837151
          HCC111 |   1.356353   .0146156    28.29   0.000     1.328007    1.385303
          HCC112 |   1.135429   .0380609     3.79   0.000     1.063228    1.212532
          HCC114 |   1.112044    .033833     3.49   0.000     1.047671    1.180372
          HCC115 |   1.079016   .0590711     1.39   0.165     .9692335    1.201233
          HCC122 |   1.175123   .0424853     4.46   0.000     1.094735    1.261414
          HCC124 |   1.024168   .0328555     0.74   0.457     .9617553    1.090632
          HCC134 |   1.820336   .0598146    18.23   0.000     1.706797    1.941427
          HCC135 |   1.337342    .023741    16.37   0.000     1.291611    1.384693
          HCC136 |   1.424238   .0603698     8.34   0.000     1.310697    1.547615
          HCC137 |   1.363571   .0477192     8.86   0.000     1.273178    1.460381
          HCC157 |   1.049724    .100812     0.51   0.613     .8696179    1.267131
          HCC158 |   .9747958   .0644169    -0.39   0.699     .8563753    1.109592
          HCC161 |   1.126607   .0257979     5.21   0.000     1.077162    1.178322
          HCC162 |   1.044487   .2988252     0.15   0.879     .5961789     1.82991
          HCC166 |   1.290463   .3372995     0.98   0.329     .7731429     2.15393
          HCC167 |   .9683666   .0502623    -0.62   0.536     .8746994    1.072064
          HCC169 |   1.136854   .0303704     4.80   0.000      1.07886    1.197964
          HCC170 |   1.028594   .0284319     1.02   0.308     .9743509    1.085856
          HCC173 |   1.116958   .0579452     2.13   0.033      1.00897    1.236503
          HCC176 |   1.116844    .026044     4.74   0.000     1.066948    1.169074
          HCC186 |   1.277256   .0896708     3.49   0.000      1.11306    1.465674
          HCC188 |   1.236285   .0448786     5.84   0.000     1.151381     1.32745
          HCC189 |   1.311032   .0867054     4.09   0.000     1.151646    1.492477
                 |
    providertype |
              1  |   .9802695   .0288064    -0.68   0.498     .9254051    1.038387
              2  |   1.031065   .0295501     1.07   0.286      .974745     1.09064
                 |
          n_pcps |   1.000194   .0000591     3.29   0.001     1.000078     1.00031
          n_spec |   .9999594   .0000217    -1.87   0.061      .999917    1.000002
   lives_covered |   .9999995   3.85e-07    -1.39   0.165     .9999987           1
           _cons |   .0988581   .0033658   -67.97   0.000     .0924766      .10568
----------------------------------------------------------------------------------
Note: _cons estimates baseline odds.

Predictive margins                              Number of obs     =    342,893
Model VCE    : Robust

Expression   : Pr(any_readm), predict()

----------------------------------------------------------------------------------
                 |            Delta-method
                 |     Margin   Std. Err.      z    P>|z|     [95% Conf. Interval]
-----------------+----------------------------------------------------------------
            year |
           2013  |    .164106   .0020073    81.75   0.000     .1601718    .1680402
           2014  |   .1630823   .0018148    89.86   0.000     .1595254    .1666392
           2015  |   .1668064   .0023502    70.97   0.000        .1622    .1714128
           2016  |   .1645322   .0021037    78.21   0.000     .1604089    .1686554
                 |
     aco_exit_gr |
              0  |   .1636231   .0016207   100.96   0.000     .1604467    .1667996
           2013  |   .2094841   .0136723    15.32   0.000     .1826869    .2362813
           2014  |   .1666883   .0054553    30.56   0.000     .1559961    .1773805
           2015  |   .1708473   .0038326    44.58   0.000     .1633355     .178359
                 |
year#aco_exit_gr |
      2013    0  |   .1632604   .0022116    73.82   0.000     .1589257    .1675951
      2013 2013  |   .1935885   .0122633    15.79   0.000     .1695529    .2176241
      2013 2014  |   .1668662   .0084478    19.75   0.000     .1503088    .1834235
      2013 2015  |   .1683876   .0056827    29.63   0.000     .1572497    .1795255
      2014    0  |   .1615907   .0020417    79.14   0.000     .1575889    .1655924
      2014 2013  |   .2640156   .0406792     6.49   0.000     .1842859    .3437452
      2014 2014  |   .1648981   .0057112    28.87   0.000     .1537043    .1760919
      2014 2015  |   .1712655   .0051191    33.46   0.000     .1612322    .1812987
      2015    0  |   .1655335   .0026659    62.09   0.000     .1603085    .1707585
      2015 2013  |   .1907442    .012666    15.06   0.000     .1659192    .2155691
      2015 2014  |   .1714535   .0066475    25.79   0.000     .1584246    .1844825
      2015 2015  |   .1734563   .0051641    33.59   0.000     .1633349    .1835778
      2016    0  |     .16388   .0024315    67.40   0.000     .1591144    .1686456
      2016 2013  |   .1901733   .0149261    12.74   0.000     .1609187    .2194279
      2016 2014  |   .1631673   .0058602    27.84   0.000     .1516816     .174653
      2016 2015  |   .1698133   .0044172    38.44   0.000     .1611559    .1784708
----------------------------------------------------------------------------------
16:29:07 14 Jun 2021
***********************************************************
                  June 2021 Main analysis                  
                    exit_year ed_visits                    
16:29:07 14 Jun 2021
***********************************************************

Iteration 0:   log pseudolikelihood = -1295746.7  
Iteration 1:   log pseudolikelihood = -1201490.1  
Iteration 2:   log pseudolikelihood = -1200824.7  
Iteration 3:   log pseudolikelihood = -1200824.5  
Iteration 4:   log pseudolikelihood = -1200824.5  

Logistic regression                             Number of obs     =  2,074,445
                                                Wald chi2(103)    =          .
                                                Prob > chi2       =          .
Log pseudolikelihood = -1200824.5               Pseudo R2         =     0.0733

                               (Std. Err. adjusted for 366 clusters in cluster_id)
----------------------------------------------------------------------------------
                 |               Robust
       ed_visits | Odds Ratio   Std. Err.      z    P>|z|     [95% Conf. Interval]
-----------------+----------------------------------------------------------------
            year |
           2014  |   1.010911   .0063298     1.73   0.083     .9985803    1.023393
           2015  |   1.014022   .0169637     0.83   0.405     .9813129    1.047821
           2016  |   1.033314   .0117405     2.88   0.004     1.010558    1.056584
                 |
     aco_exit_gr |
           2013  |    1.63196   .0890274     8.98   0.000     1.466474     1.81612
           2014  |   1.167552   .0389378     4.64   0.000     1.093676    1.246418
           2015  |   1.121822   .0324617     3.97   0.000     1.059969    1.187285
                 |
year#aco_exit_gr |
      2014 2013  |   .9479906   .0365642    -1.38   0.166     .8789678    1.022434
      2014 2014  |   .9733391   .0168666    -1.56   0.119     .9408362    1.006965
      2014 2015  |   .9731784   .0129072    -2.05   0.040     .9482068    .9988077
      2015 2013  |   .8968031   .0777287    -1.26   0.209     .7566949    1.062853
      2015 2014  |   .9526231   .0265183    -1.74   0.081     .9020405    1.006042
      2015 2015  |   .9936864   .0183019    -0.34   0.731     .9584551    1.030213
      2016 2013  |   .8633747   .0128278    -9.89   0.000     .8385952    .8888864
      2016 2014  |   .9088592   .0230425    -3.77   0.000     .8648004    .9551627
      2016 2015  |   .9095661   .0261952    -3.29   0.001     .8596467    .9623843
                 |
          agegrp |
              1  |   1.059827    .006457     9.54   0.000     1.047247    1.072558
              2  |    1.24993   .0091446    30.49   0.000     1.232135    1.267982
              3  |   1.891899   .0186905    64.54   0.000     1.855619    1.928889
                 |
        1.female |   1.109309   .0055238    20.83   0.000     1.098535    1.120189
                 |
         race_g3 |
              1  |   1.352133   .0213078    19.14   0.000     1.311009    1.394548
              2  |   .8079543   .0430007    -4.01   0.000     .7279213    .8967868
                 |
            HCC1 |   1.498363   .0767525     7.89   0.000     1.355236    1.656606
            HCC2 |   1.258257   .0179992    16.06   0.000     1.223469    1.294034
            HCC6 |   1.216376   .0413369     5.76   0.000     1.137997    1.300154
            HCC8 |    1.71985   .0281572    33.12   0.000     1.665539    1.775932
            HCC9 |   1.340823   .0180992    21.73   0.000     1.305815     1.37677
           HCC10 |   1.159747    .015424    11.14   0.000     1.129907    1.190375
           HCC11 |   1.090199   .0124261     7.58   0.000     1.066114    1.114827
           HCC12 |   .9648335   .0073533    -4.70   0.000     .9505284    .9793539
           HCC17 |   1.420871   .0511504     9.76   0.000     1.324074    1.524746
           HCC18 |   1.340038    .010801    36.31   0.000     1.319035    1.361376
           HCC19 |   1.102716   .0081955    13.16   0.000      1.08677    1.118897
           HCC21 |   1.135708   .0239046     6.05   0.000     1.089809     1.18354
           HCC22 |   1.214365   .0160943    14.65   0.000     1.183226    1.246322
           HCC23 |   1.138684   .0145935    10.13   0.000     1.110437    1.167649
           HCC27 |   1.720444   .0592919    15.74   0.000     1.608072    1.840668
           HCC28 |   1.333589   .0361887    10.61   0.000     1.264513    1.406437
           HCC29 |   1.005182   .0500931     0.10   0.917     .9116435    1.108317
           HCC33 |   1.372367   .0197011    22.05   0.000     1.334292    1.411529
           HCC34 |   1.570861   .0658303    10.78   0.000     1.446993    1.705333
           HCC35 |   1.218067   .0217056    11.07   0.000      1.17626    1.261361
           HCC39 |   1.066045   .0208521     3.27   0.001     1.025949    1.107708
           HCC40 |   1.262626   .0104441    28.19   0.000     1.242321    1.283263
           HCC46 |   1.371266   .0269406    16.07   0.000     1.319467    1.425098
           HCC47 |   1.250469   .0171711    16.28   0.000     1.217263    1.284581
           HCC48 |   1.082328   .0095441     8.97   0.000     1.063783    1.101197
           HCC54 |    1.73299   .0863672    11.03   0.000     1.571718    1.910809
           HCC55 |   1.643644    .057978    14.09   0.000     1.533848    1.761299
           HCC57 |   1.808569   .0527874    20.30   0.000     1.708011    1.915047
           HCC58 |   1.493739   .0174861    34.28   0.000     1.459857    1.528407
           HCC70 |   1.592313   .1108679     6.68   0.000     1.389191    1.825135
           HCC71 |   1.546176   .0846131     7.96   0.000     1.388922    1.721235
           HCC72 |   1.296034   .0276636    12.15   0.000     1.242932    1.351404
           HCC73 |   1.717414   .1178568     7.88   0.000      1.50128    1.964665
           HCC74 |   1.704352   .1240828     7.32   0.000     1.477709    1.965757
           HCC75 |   1.211387   .0204089    11.38   0.000      1.17204    1.252056
           HCC76 |   1.286134   .1213155     2.67   0.008     1.069045    1.547307
           HCC77 |   1.368535   .0401576    10.69   0.000     1.292048    1.449549
           HCC78 |   1.682767   .0251777    34.78   0.000     1.634136    1.732845
           HCC79 |   1.522159   .0179148    35.70   0.000     1.487448    1.557679
           HCC80 |   1.199343   .0438294     4.97   0.000     1.116444    1.288399
           HCC82 |   .9531123   .0446932    -1.02   0.306     .8694201    1.044861
           HCC83 |   1.072231   .1157103     0.65   0.518     .8678223    1.324788
           HCC84 |   1.262199   .0140331    20.94   0.000     1.234992    1.290005
           HCC85 |   1.402265   .0108003    43.90   0.000     1.381256    1.423594
           HCC86 |    1.39526     .02422    19.19   0.000     1.348588    1.443547
           HCC87 |   1.357765   .0178437    23.27   0.000     1.323239    1.393192
           HCC88 |   1.271564   .0197883    15.44   0.000     1.233365    1.310946
           HCC96 |   1.370351     .00723    59.72   0.000     1.356254    1.384595
           HCC99 |   1.179163   .0285166     6.81   0.000     1.124576    1.236401
          HCC100 |    1.38152   .0138623    32.21   0.000     1.354616    1.408958
          HCC103 |   1.284491   .0237375    13.55   0.000     1.238798    1.331868
          HCC104 |   1.151445   .0552817     2.94   0.003     1.048036    1.265057
          HCC106 |   1.423131   .0342792    14.65   0.000     1.357506    1.491928
          HCC107 |   1.324594   .0157597    23.63   0.000     1.294063    1.355845
          HCC108 |   1.206629   .0093278    24.30   0.000     1.188485     1.22505
          HCC110 |   .9218868   .1325167    -0.57   0.572     .6955391    1.221894
          HCC111 |   1.599138    .013569    55.33   0.000     1.572763    1.625955
          HCC112 |    1.26409   .0176962    16.74   0.000     1.229878    1.299255
          HCC114 |   1.155956   .0225483     7.43   0.000     1.112596    1.201005
          HCC115 |   1.174145   .0344914     5.47   0.000     1.108452    1.243731
          HCC122 |    1.18411   .0252453     7.93   0.000      1.13565    1.234639
          HCC124 |   1.111421   .0128218     9.16   0.000     1.086573    1.136838
          HCC134 |   2.627803   .0697795    36.38   0.000     2.494535     2.76819
          HCC135 |   1.400773   .0144989    32.56   0.000     1.372642    1.429481
          HCC136 |    1.36384   .0400394    10.57   0.000     1.287579    1.444618
          HCC137 |   1.482339   .0263155    22.17   0.000     1.431648    1.534824
          HCC157 |   1.127149    .080252     1.68   0.093     .9803397    1.295944
          HCC158 |   1.177876   .0523448     3.68   0.000     1.079624    1.285071
          HCC161 |   1.310028    .015182    23.30   0.000     1.280608    1.340125
          HCC162 |   1.076948   .1552424     0.51   0.607     .8118836    1.428551
          HCC166 |   1.209335   .1295722     1.77   0.076     .9802703    1.491925
          HCC167 |   1.267041   .0310951     9.64   0.000     1.207538    1.329476
          HCC169 |   1.434969   .0183397    28.26   0.000      1.39947    1.471368
          HCC170 |   1.196086   .0200937    10.66   0.000     1.157344    1.236124
          HCC173 |   1.063247   .0372481     1.75   0.080     .9926919    1.138817
          HCC176 |   1.294306   .0192805    17.32   0.000     1.257063    1.332652
          HCC186 |   1.213134   .0448506     5.23   0.000     1.128338    1.304303
          HCC188 |   1.430103   .0311642    16.42   0.000     1.370309    1.492507
          HCC189 |   1.358679    .041554    10.02   0.000     1.279628    1.442614
                 |
    providertype |
              1  |   .9518172   .0271548    -1.73   0.083     .9000553    1.006556
              2  |   .8817063   .0231557    -4.79   0.000     .8374703     .928279
                 |
          n_pcps |   1.000073    .000088     0.83   0.405     .9999008    1.000246
          n_spec |   1.000014   .0000277     0.49   0.621     .9999594    1.000068
   lives_covered |   .9999991   4.40e-07    -2.04   0.041     .9999982           1
           _cons |   .2115369   .0050429   -65.16   0.000     .2018804    .2216554
----------------------------------------------------------------------------------
Note: _cons estimates baseline odds.

Predictive margins                              Number of obs     =  2,074,445
Model VCE    : Robust

Expression   : Pr(ed_visits), predict()

----------------------------------------------------------------------------------
                 |            Delta-method
                 |     Margin   Std. Err.      z    P>|z|     [95% Conf. Interval]
-----------------+----------------------------------------------------------------
            year |
           2013  |   .3152396   .0025355   124.33   0.000       .31027    .3202091
           2014  |   .3164591   .0024621   128.53   0.000     .3116334    .3212847
           2015  |   .3172117   .0025214   125.81   0.000       .31227    .3221535
           2016  |   .3185368   .0024172   131.78   0.000      .313799    .3232745
                 |
     aco_exit_gr |
              0  |   .3138476   .0023889   131.38   0.000     .3091656    .3185297
           2013  |   .3985016   .0166106    23.99   0.000     .3659454    .4310577
           2014  |   .3356681   .0050837    66.03   0.000     .3257042    .3456321
           2015  |   .3299495    .004692    70.32   0.000     .3207532    .3391457
                 |
year#aco_exit_gr |
      2013    0  |   .3108922   .0029183   106.53   0.000     .3051724    .3166119
      2013 2013  |   .4130088    .011558    35.73   0.000     .3903554    .4356621
      2013 2014  |   .3417475    .006072    56.28   0.000     .3298467    .3536484
      2013 2015  |   .3336457   .0050133    66.55   0.000     .3238198    .3434716
      2014    0  |   .3130035   .0027884   112.25   0.000     .3075384    .3184687
      2014 2013  |   .4036629   .0192635    20.95   0.000     .3659073    .4414186
      2014 2014  |   .3384569   .0066475    50.92   0.000     .3254281    .3514857
      2014 2015  |   .3303611   .0054432    60.69   0.000     .3196926    .3410296
      2015    0  |   .3136029   .0030094   104.21   0.000     .3077045    .3195012
      2015 2013  |   .3922505   .0257415    15.24   0.000     .3417981     .442703
      2015 2014  |   .3347236   .0053232    62.88   0.000     .3242904    .3451568
      2015 2015  |   .3351775   .0051364    65.26   0.000     .3251104    .3452446
      2016    0  |   .3172921   .0028462   111.48   0.000     .3117137    .3228706
      2016 2013  |   .3881146   .0117724    32.97   0.000     .3650411    .4111882
      2016 2014  |   .3290584   .0046005    71.53   0.000     .3200415    .3380752
      2016 2015  |   .3212653   .0056247    57.12   0.000     .3102411    .3322896
----------------------------------------------------------------------------------
16:47:07 14 Jun 2021

. 
end of do-file

